WARN main edu.upc.dsa.View.Main - Fallo en el programa. No se le ha podido dar autenticacion. Usuario inexistente.
INFO main edu.upc.dsa.View.Main - Access granted!
INFO main edu.upc.dsa.View.Main - Fallo en el programa. No se le ha podido dar autenticacion. Usuario inexistente.
INFO main edu.upc.dsa.View.Main - Access granted!
INFO main edu.upc.dsa.View.Main - Access granted!
INFO main edu.upc.dsa.View.Main - Access granted!
INFO main edu.upc.dsa.View.Main - Access granted!
INFO main edu.upc.dsa.View.Main - Access granted!
INFO main edu.upc.dsa.View.Main - Access granted!
INFO main edu.upc.dsa.View.Main - Access granted!
INFO main edu.upc.dsa.View.Main - Access granted!
INFO main edu.upc.dsa.View.Main - Access granted!
INFO main edu.upc.dsa.View.Main - Access granted!
INFO main edu.upc.dsa.View.Main - Access granted!
INFO main edu.upc.dsa.View.Main - Access granted!
INFO main edu.upc.dsa.View.Main - Access granted!
INFO main edu.upc.dsa.View.Main - Access granted!
INFO main edu.upc.dsa.View.Main - Cerrando el programa.
INFO main edu.upc.dsa.View.Main - Access granted!
INFO main edu.upc.dsa.View.Main - La nueva localizacion es: edu.upc.dsa.Model.Location@4edde6e5
INFO main edu.upc.dsa.View.Main - Access granted!
INFO main edu.upc.dsa.View.Main - La nueva localizacion es lat: 1.9848159856375636 lon: 41.27508163260962
INFO main edu.upc.dsa.View.Main - La nueva localizacion es lat: 1.9849101137660239 lon: 41.27516933000304
INFO main edu.upc.dsa.View.Main - La nueva localizacion es lat: 1.9847920831928043 lon: 41.275418851857395
INFO main edu.upc.dsa.View.Main - Access granted!
INFO main edu.upc.dsa.View.Main - La nueva localizacion es lat: 1.9848760548769566 lon: 1.9848764140867003
INFO main edu.upc.dsa.View.Main - Access granted!
INFO main edu.upc.dsa.View.Main - La nueva localizacion es lat: 1.984572230160754 lon: 41.275315984976125
INFO main edu.upc.dsa.View.Main - Access granted!
INFO main edu.upc.dsa.View.Main - La nueva localizacion es lat: 41.27547292985629 lon: 1.9849185314126079
